;  LST file generated by mikroListExporter - v.2.0 
; Date/Time: 2015. 11. 08. 22:23:53
;----------------------------------------------

;Address Opcode 	ASM
0x0000	0xF000EF03  	GOTO        6
_main:
;Main.c,26 :: 		void main() {
;Main.c,29 :: 		return;
;Main.c,30 :: 		}
L_end_main:
0x0006	0xD7FF      	BRA         $+0
; end of _main
_interrupt:
;Main.c,16 :: 		void interrupt() {
;Main.c,17 :: 		if(TMR0IF_bit && TMR0IE_bit)
0x0008	0xA4F2      	BTFSS       TMR0IF_bit, BitPos(TMR0IF_bit+0) 
0x000A	0xD004      	BRA         L_interrupt2
0x000C	0xAAF2      	BTFSS       TMR0IE_bit, BitPos(TMR0IE_bit+0) 
0x000E	0xD002      	BRA         L_interrupt2
L__interrupt8:
;Main.c,18 :: 		Timer_handleInterrupt();
0x0010	0xD809      	RCALL       _Timer_handleInterrupt
0x0012	0xD005      	BRA         L_interrupt3
L_interrupt2:
;Main.c,19 :: 		else if(RC1IF_bit && RC1IE_bit)
0x0014	0xAA9E      	BTFSS       RC1IF_bit, BitPos(RC1IF_bit+0) 
0x0016	0xD003      	BRA         L_interrupt6
0x0018	0xAA9D      	BTFSS       RC1IE_bit, BitPos(RC1IE_bit+0) 
0x001A	0xD001      	BRA         L_interrupt6
L__interrupt7:
;Main.c,20 :: 		Serial_handleInterrupt();
0x001C	0xD801      	RCALL       _Serial_handleInterrupt
L_interrupt6:
L_interrupt3:
;Main.c,21 :: 		}
L_end_interrupt:
L__interrupt10:
0x001E	0x0011      	RETFIE      1
; end of _interrupt
_Serial_handleInterrupt:
;Serial.c,7 :: 		void Serial_handleInterrupt() {
;Serial.c,9 :: 		RC1IF_bit = false;
0x0020	0x9A9E      	BCF         RC1IF_bit, BitPos(RC1IF_bit+0) 
;Serial.c,10 :: 		}
L_end_Serial_handleInterrupt:
0x0022	0x0012      	RETURN      0
; end of _Serial_handleInterrupt
_Timer_handleInterrupt:
;Timer.c,20 :: 		void Timer_handleInterrupt() {
;Timer.c,22 :: 		TMR0H = 0x0B;
0x0024	0x0E0B      	MOVLW       11
0x0026	0x6ED7      	MOVWF       TMR0H 
;Timer.c,23 :: 		TMR0L = 0xDC;
0x0028	0x0EDC      	MOVLW       220
0x002A	0x6ED6      	MOVWF       TMR0L 
;Timer.c,24 :: 		TMR0IF_bit = false;
0x002C	0x94F2      	BCF         TMR0IF_bit, BitPos(TMR0IF_bit+0) 
;Timer.c,25 :: 		}
L_end_Timer_handleInterrupt:
0x002E	0x0012      	RETURN      0
; end of _Timer_handleInterrupt
Symbol List:
//** Routines locations **
//ADDRESS    SIZE    PROCEDURE
//----------------------------------------------
0x0006       [2]    _main
0x0008      [24]    _interrupt
0x0020       [4]    _Serial_handleInterrupt
0x0024      [12]    _Timer_handleInterrupt
//** Variables locations ** 
//ADDRESS    SIZE    VARIABLE
//----------------------------------------------
0x0000       [1]    R0
0x0001       [1]    R1
0x0002       [1]    R2
0x0003       [1]    R3
0x0004       [1]    R4
0x0005       [1]    R5
0x0006       [1]    R6
0x0007       [1]    R7
0x0008       [1]    R8
0x0009       [1]    R9
0x000A       [1]    R10
0x000B       [1]    R11
0x000C       [1]    R12
0x000D       [1]    R13
0x000E       [1]    R14
0x000F       [1]    R15
0x0010       [1]    R16
0x0011       [1]    R17
0x0012       [1]    R18
0x0013       [1]    R19
0x0014       [1]    R20
0x0F9D       [0]    RC1IE_bit
0x0F9E       [0]    RC1IF_bit
0x0FD6       [1]    TMR0L
0x0FD7       [1]    TMR0H
0x0FD8       [1]    STATUS
0x0FD9       [1]    FSR2L
0x0FDA       [1]    FSR2H
0x0FDE       [1]    POSTINC2
0x0FE0       [1]    BSR
0x0FE1       [1]    FSR1L
0x0FE2       [1]    FSR1H
0x0FE4       [1]    PREINC1
0x0FE6       [1]    POSTINC1
0x0FE7       [1]    INDF1
0x0FE8       [1]    WREG
0x0FE9       [1]    FSR0L
0x0FEA       [1]    FSR0H
0x0FEE       [1]    POSTINC0
0x0FF2       [0]    TMR0IF_bit
0x0FF2       [0]    TMR0IE_bit
0x0FF3       [1]    PRODL
0x0FF4       [1]    PRODH
0x0FF5       [1]    TABLAT
0x0FF6       [1]    TBLPTRL
0x0FF7       [1]    TBLPTRH
0x0FF8       [1]    TBLPTRU
//** Label List: ** 
//----------------------------------------------
  L_interrupt0
  L_interrupt1
  L_interrupt2
  L_interrupt3
  L_interrupt4
  L_interrupt5
  L_interrupt6
  L__interrupt7
  L__interrupt8
  L_end_interrupt
  _interrupt
  L__interrupt10
  L_end_main
  _main
  L_interrupt0
  L_interrupt1
  L_interrupt2
  L_interrupt3
  L_interrupt4
  L_interrupt5
  L_interrupt6
  L__interrupt7
  L__interrupt8
  L_end_interrupt
  _interrupt
  L__interrupt10
  L_end_main
  _main
  L_end_Serial_initialize
  _Serial_initialize
  L_end_Serial_handleInterrupt
  _Serial_handleInterrupt
  L_end_Timer_initialize
  _Timer_initialize
  L_end_Timer_handleInterrupt
  _Timer_handleInterrupt
